Traceback (most recent call last):
  File "get_tweets.py", line 98, in <module>
    run_stream(api, nums_line, nums_file)
  File "get_tweets.py", line 20, in run_stream
    myStream.filter(track=["Trump"], languages=['en'])
  File "/usr/local/lib/python3.4/dist-packages/tweepy/streaming.py", line 450, in filter
    self._start(async)
  File "/usr/local/lib/python3.4/dist-packages/tweepy/streaming.py", line 364, in _start
    self._run()
  File "/usr/local/lib/python3.4/dist-packages/tweepy/streaming.py", line 297, in _run
    six.reraise(*exc_info)
  File "/usr/local/lib/python3.4/dist-packages/six.py", line 693, in reraise
    raise value
  File "/usr/local/lib/python3.4/dist-packages/tweepy/streaming.py", line 266, in _run
    self._read_loop(resp)
  File "/usr/local/lib/python3.4/dist-packages/tweepy/streaming.py", line 327, in _read_loop
    self._data(next_status_obj)
  File "/usr/local/lib/python3.4/dist-packages/tweepy/streaming.py", line 300, in _data
    if self.listener.on_data(data) is False:
  File "/usr/local/lib/python3.4/dist-packages/tweepy/streaming.py", line 55, in on_data
    if self.on_status(status) is False:
  File "/home/hduser/presentation/get_tweets/tw_class.py", line 127, in on_status
    self.writer.write_data(tweet_text)
TypeError: write_data() missing 1 required positional argument: 'text_id'
